2021-12-12 15:59:22.609	[34mINFO[0m	apiserver	server/genericapiserver.go:121	install middleware: recovery
2021-12-12 15:59:22.610	[34mINFO[0m	apiserver	server/genericapiserver.go:121	install middleware: logger
2021-12-12 15:59:22.610	[34mINFO[0m	apiserver	server/genericapiserver.go:121	install middleware: secure
2021-12-12 15:59:22.610	[34mINFO[0m	apiserver	server/genericapiserver.go:121	install middleware: nocache
2021-12-12 15:59:22.610	[34mINFO[0m	apiserver	server/genericapiserver.go:121	install middleware: cors
2021-12-12 15:59:22.611	[34mINFO[0m	apiserver	server/genericapiserver.go:121	install middleware: dump
2021-12-12 15:59:22.611	[34mINFO[0m	apiserver	server/genericapiserver.go:98	GET    /healthz --> github.com/dairongpeng/leona/internal/pkg/server.(*GenericAPIServer).InstallAPIs.func1 (9 handlers)
2021-12-12 15:59:22.612	[34mINFO[0m	apiserver	server/genericapiserver.go:98	GET    /metrics --> github.com/zsais/go-gin-prometheus.prometheusHandler.func1 (10 handlers)
2021-12-12 15:59:22.612	[34mINFO[0m	apiserver	server/genericapiserver.go:98	GET    /debug/pprof/ --> github.com/gin-contrib/pprof.pprofHandler.func1 (10 handlers)
2021-12-12 15:59:22.612	[34mINFO[0m	apiserver	server/genericapiserver.go:98	GET    /debug/pprof/cmdline --> github.com/gin-contrib/pprof.pprofHandler.func1 (10 handlers)
2021-12-12 15:59:22.612	[34mINFO[0m	apiserver	server/genericapiserver.go:98	GET    /debug/pprof/profile --> github.com/gin-contrib/pprof.pprofHandler.func1 (10 handlers)
2021-12-12 15:59:22.612	[34mINFO[0m	apiserver	server/genericapiserver.go:98	POST   /debug/pprof/symbol --> github.com/gin-contrib/pprof.pprofHandler.func1 (10 handlers)
2021-12-12 15:59:22.612	[34mINFO[0m	apiserver	server/genericapiserver.go:98	GET    /debug/pprof/symbol --> github.com/gin-contrib/pprof.pprofHandler.func1 (10 handlers)
2021-12-12 15:59:22.615	[34mINFO[0m	apiserver	server/genericapiserver.go:98	GET    /debug/pprof/trace --> github.com/gin-contrib/pprof.pprofHandler.func1 (10 handlers)
2021-12-12 15:59:22.616	[34mINFO[0m	apiserver	server/genericapiserver.go:98	GET    /debug/pprof/allocs --> github.com/gin-contrib/pprof.pprofHandler.func1 (10 handlers)
2021-12-12 15:59:22.616	[34mINFO[0m	apiserver	server/genericapiserver.go:98	GET    /debug/pprof/block --> github.com/gin-contrib/pprof.pprofHandler.func1 (10 handlers)
2021-12-12 15:59:22.616	[34mINFO[0m	apiserver	server/genericapiserver.go:98	GET    /debug/pprof/goroutine --> github.com/gin-contrib/pprof.pprofHandler.func1 (10 handlers)
2021-12-12 15:59:22.616	[34mINFO[0m	apiserver	server/genericapiserver.go:98	GET    /debug/pprof/heap --> github.com/gin-contrib/pprof.pprofHandler.func1 (10 handlers)
2021-12-12 15:59:22.616	[34mINFO[0m	apiserver	server/genericapiserver.go:98	GET    /debug/pprof/mutex --> github.com/gin-contrib/pprof.pprofHandler.func1 (10 handlers)
2021-12-12 15:59:22.619	[34mINFO[0m	apiserver	server/genericapiserver.go:98	GET    /debug/pprof/threadcreate --> github.com/gin-contrib/pprof.pprofHandler.func1 (10 handlers)
2021-12-12 15:59:22.619	[34mINFO[0m	apiserver	server/genericapiserver.go:98	GET    /version --> github.com/dairongpeng/leona/internal/pkg/server.(*GenericAPIServer).InstallAPIs.func2 (10 handlers)
2021-12-12 15:59:22.619	[31mFATAL[0m	apiserver	apiserver/server.go:150	Failed to generate credentials open : no such file or directory
github.com/dairongpeng/leona/internal/apiserver.(*completedExtraConfig).New
	/Users/dairongpeng/workspace/go-workspace/leona/internal/apiserver/server.go:150
github.com/dairongpeng/leona/internal/apiserver.createAPIServer
	/Users/dairongpeng/workspace/go-workspace/leona/internal/apiserver/server.go:80
github.com/dairongpeng/leona/internal/apiserver.Run
	/Users/dairongpeng/workspace/go-workspace/leona/internal/apiserver/run.go:22
github.com/dairongpeng/leona/internal/apiserver.run.func1
	/Users/dairongpeng/workspace/go-workspace/leona/internal/apiserver/app.go:57
github.com/dairongpeng/leona/pkg/app.(*App).runCommand
	/Users/dairongpeng/workspace/go-workspace/leona/pkg/app/app.go:281
github.com/spf13/cobra.(*Command).execute
	/Users/dairongpeng/go/pkg/mod/github.com/spf13/cobra@v1.2.1/command.go:856
github.com/spf13/cobra.(*Command).ExecuteC
	/Users/dairongpeng/go/pkg/mod/github.com/spf13/cobra@v1.2.1/command.go:974
github.com/spf13/cobra.(*Command).Execute
	/Users/dairongpeng/go/pkg/mod/github.com/spf13/cobra@v1.2.1/command.go:902
github.com/dairongpeng/leona/pkg/app.(*App).Run
	/Users/dairongpeng/workspace/go-workspace/leona/pkg/app/app.go:236
main.main
	/Users/dairongpeng/workspace/go-workspace/leona/cmd/leona-apiserver/apiserver.go:25
runtime.main
	/usr/local/go/src/runtime/proc.go:225
2021-12-12 16:00:18.315	[34mINFO[0m	apiserver	server/genericapiserver.go:121	install middleware: recovery
2021-12-12 16:00:18.317	[34mINFO[0m	apiserver	server/genericapiserver.go:121	install middleware: logger
2021-12-12 16:00:18.318	[34mINFO[0m	apiserver	server/genericapiserver.go:121	install middleware: secure
2021-12-12 16:00:18.318	[34mINFO[0m	apiserver	server/genericapiserver.go:121	install middleware: nocache
2021-12-12 16:00:18.318	[34mINFO[0m	apiserver	server/genericapiserver.go:121	install middleware: cors
2021-12-12 16:00:18.318	[34mINFO[0m	apiserver	server/genericapiserver.go:121	install middleware: dump
2021-12-12 16:00:18.318	[34mINFO[0m	apiserver	server/genericapiserver.go:98	GET    /healthz --> github.com/dairongpeng/leona/internal/pkg/server.(*GenericAPIServer).InstallAPIs.func1 (9 handlers)
2021-12-12 16:00:18.319	[34mINFO[0m	apiserver	server/genericapiserver.go:98	GET    /metrics --> github.com/zsais/go-gin-prometheus.prometheusHandler.func1 (10 handlers)
2021-12-12 16:00:18.319	[34mINFO[0m	apiserver	server/genericapiserver.go:98	GET    /debug/pprof/ --> github.com/gin-contrib/pprof.pprofHandler.func1 (10 handlers)
2021-12-12 16:00:18.320	[34mINFO[0m	apiserver	server/genericapiserver.go:98	GET    /debug/pprof/cmdline --> github.com/gin-contrib/pprof.pprofHandler.func1 (10 handlers)
2021-12-12 16:00:18.320	[34mINFO[0m	apiserver	server/genericapiserver.go:98	GET    /debug/pprof/profile --> github.com/gin-contrib/pprof.pprofHandler.func1 (10 handlers)
2021-12-12 16:00:18.320	[34mINFO[0m	apiserver	server/genericapiserver.go:98	POST   /debug/pprof/symbol --> github.com/gin-contrib/pprof.pprofHandler.func1 (10 handlers)
2021-12-12 16:00:18.320	[34mINFO[0m	apiserver	server/genericapiserver.go:98	GET    /debug/pprof/symbol --> github.com/gin-contrib/pprof.pprofHandler.func1 (10 handlers)
2021-12-12 16:00:18.321	[34mINFO[0m	apiserver	server/genericapiserver.go:98	GET    /debug/pprof/trace --> github.com/gin-contrib/pprof.pprofHandler.func1 (10 handlers)
2021-12-12 16:00:18.321	[34mINFO[0m	apiserver	server/genericapiserver.go:98	GET    /debug/pprof/allocs --> github.com/gin-contrib/pprof.pprofHandler.func1 (10 handlers)
2021-12-12 16:00:18.322	[34mINFO[0m	apiserver	server/genericapiserver.go:98	GET    /debug/pprof/block --> github.com/gin-contrib/pprof.pprofHandler.func1 (10 handlers)
2021-12-12 16:00:18.322	[34mINFO[0m	apiserver	server/genericapiserver.go:98	GET    /debug/pprof/goroutine --> github.com/gin-contrib/pprof.pprofHandler.func1 (10 handlers)
2021-12-12 16:00:18.322	[34mINFO[0m	apiserver	server/genericapiserver.go:98	GET    /debug/pprof/heap --> github.com/gin-contrib/pprof.pprofHandler.func1 (10 handlers)
2021-12-12 16:00:18.322	[34mINFO[0m	apiserver	server/genericapiserver.go:98	GET    /debug/pprof/mutex --> github.com/gin-contrib/pprof.pprofHandler.func1 (10 handlers)
2021-12-12 16:00:18.326	[34mINFO[0m	apiserver	server/genericapiserver.go:98	GET    /debug/pprof/threadcreate --> github.com/gin-contrib/pprof.pprofHandler.func1 (10 handlers)
2021-12-12 16:00:18.326	[34mINFO[0m	apiserver	server/genericapiserver.go:98	GET    /version --> github.com/dairongpeng/leona/internal/pkg/server.(*GenericAPIServer).InstallAPIs.func2 (10 handlers)
2021-12-12 16:00:42.063	[34mINFO[0m	apiserver	server/genericapiserver.go:121	install middleware: recovery
2021-12-12 16:00:42.064	[34mINFO[0m	apiserver	server/genericapiserver.go:121	install middleware: logger
2021-12-12 16:00:42.065	[34mINFO[0m	apiserver	server/genericapiserver.go:121	install middleware: secure
2021-12-12 16:00:42.065	[34mINFO[0m	apiserver	server/genericapiserver.go:121	install middleware: nocache
2021-12-12 16:00:42.065	[34mINFO[0m	apiserver	server/genericapiserver.go:121	install middleware: cors
2021-12-12 16:00:42.065	[34mINFO[0m	apiserver	server/genericapiserver.go:121	install middleware: dump
2021-12-12 16:00:42.065	[34mINFO[0m	apiserver	server/genericapiserver.go:98	GET    /healthz --> github.com/dairongpeng/leona/internal/pkg/server.(*GenericAPIServer).InstallAPIs.func1 (9 handlers)
2021-12-12 16:00:42.067	[34mINFO[0m	apiserver	server/genericapiserver.go:98	GET    /metrics --> github.com/zsais/go-gin-prometheus.prometheusHandler.func1 (10 handlers)
2021-12-12 16:00:42.067	[34mINFO[0m	apiserver	server/genericapiserver.go:98	GET    /debug/pprof/ --> github.com/gin-contrib/pprof.pprofHandler.func1 (10 handlers)
2021-12-12 16:00:42.067	[34mINFO[0m	apiserver	server/genericapiserver.go:98	GET    /debug/pprof/cmdline --> github.com/gin-contrib/pprof.pprofHandler.func1 (10 handlers)
2021-12-12 16:00:42.067	[34mINFO[0m	apiserver	server/genericapiserver.go:98	GET    /debug/pprof/profile --> github.com/gin-contrib/pprof.pprofHandler.func1 (10 handlers)
2021-12-12 16:00:42.068	[34mINFO[0m	apiserver	server/genericapiserver.go:98	POST   /debug/pprof/symbol --> github.com/gin-contrib/pprof.pprofHandler.func1 (10 handlers)
2021-12-12 16:00:42.068	[34mINFO[0m	apiserver	server/genericapiserver.go:98	GET    /debug/pprof/symbol --> github.com/gin-contrib/pprof.pprofHandler.func1 (10 handlers)
2021-12-12 16:00:42.068	[34mINFO[0m	apiserver	server/genericapiserver.go:98	GET    /debug/pprof/trace --> github.com/gin-contrib/pprof.pprofHandler.func1 (10 handlers)
2021-12-12 16:00:42.068	[34mINFO[0m	apiserver	server/genericapiserver.go:98	GET    /debug/pprof/allocs --> github.com/gin-contrib/pprof.pprofHandler.func1 (10 handlers)
2021-12-12 16:00:42.068	[34mINFO[0m	apiserver	server/genericapiserver.go:98	GET    /debug/pprof/block --> github.com/gin-contrib/pprof.pprofHandler.func1 (10 handlers)
2021-12-12 16:00:42.068	[34mINFO[0m	apiserver	server/genericapiserver.go:98	GET    /debug/pprof/goroutine --> github.com/gin-contrib/pprof.pprofHandler.func1 (10 handlers)
2021-12-12 16:00:42.068	[34mINFO[0m	apiserver	server/genericapiserver.go:98	GET    /debug/pprof/heap --> github.com/gin-contrib/pprof.pprofHandler.func1 (10 handlers)
2021-12-12 16:00:42.068	[34mINFO[0m	apiserver	server/genericapiserver.go:98	GET    /debug/pprof/mutex --> github.com/gin-contrib/pprof.pprofHandler.func1 (10 handlers)
2021-12-12 16:00:42.068	[34mINFO[0m	apiserver	server/genericapiserver.go:98	GET    /debug/pprof/threadcreate --> github.com/gin-contrib/pprof.pprofHandler.func1 (10 handlers)
2021-12-12 16:00:42.068	[34mINFO[0m	apiserver	server/genericapiserver.go:98	GET    /version --> github.com/dairongpeng/leona/internal/pkg/server.(*GenericAPIServer).InstallAPIs.func2 (10 handlers)
2021-12-12 16:10:23.021	[34mINFO[0m	apiserver	server/genericapiserver.go:121	install middleware: recovery
2021-12-12 16:10:23.022	[34mINFO[0m	apiserver	server/genericapiserver.go:121	install middleware: logger
2021-12-12 16:10:23.022	[34mINFO[0m	apiserver	server/genericapiserver.go:121	install middleware: secure
2021-12-12 16:10:23.022	[34mINFO[0m	apiserver	server/genericapiserver.go:121	install middleware: nocache
2021-12-12 16:10:23.022	[34mINFO[0m	apiserver	server/genericapiserver.go:121	install middleware: cors
2021-12-12 16:10:23.022	[34mINFO[0m	apiserver	server/genericapiserver.go:121	install middleware: dump
2021-12-12 16:10:23.022	[34mINFO[0m	apiserver	server/genericapiserver.go:98	GET    /healthz --> github.com/dairongpeng/leona/internal/pkg/server.(*GenericAPIServer).InstallAPIs.func1 (9 handlers)
2021-12-12 16:10:23.022	[34mINFO[0m	apiserver	server/genericapiserver.go:98	GET    /metrics --> github.com/zsais/go-gin-prometheus.prometheusHandler.func1 (10 handlers)
2021-12-12 16:10:23.022	[34mINFO[0m	apiserver	server/genericapiserver.go:98	GET    /debug/pprof/ --> github.com/gin-contrib/pprof.pprofHandler.func1 (10 handlers)
2021-12-12 16:10:23.022	[34mINFO[0m	apiserver	server/genericapiserver.go:98	GET    /debug/pprof/cmdline --> github.com/gin-contrib/pprof.pprofHandler.func1 (10 handlers)
2021-12-12 16:10:23.022	[34mINFO[0m	apiserver	server/genericapiserver.go:98	GET    /debug/pprof/profile --> github.com/gin-contrib/pprof.pprofHandler.func1 (10 handlers)
2021-12-12 16:10:23.022	[34mINFO[0m	apiserver	server/genericapiserver.go:98	POST   /debug/pprof/symbol --> github.com/gin-contrib/pprof.pprofHandler.func1 (10 handlers)
2021-12-12 16:10:23.022	[34mINFO[0m	apiserver	server/genericapiserver.go:98	GET    /debug/pprof/symbol --> github.com/gin-contrib/pprof.pprofHandler.func1 (10 handlers)
2021-12-12 16:10:23.022	[34mINFO[0m	apiserver	server/genericapiserver.go:98	GET    /debug/pprof/trace --> github.com/gin-contrib/pprof.pprofHandler.func1 (10 handlers)
2021-12-12 16:10:23.022	[34mINFO[0m	apiserver	server/genericapiserver.go:98	GET    /debug/pprof/allocs --> github.com/gin-contrib/pprof.pprofHandler.func1 (10 handlers)
2021-12-12 16:10:23.022	[34mINFO[0m	apiserver	server/genericapiserver.go:98	GET    /debug/pprof/block --> github.com/gin-contrib/pprof.pprofHandler.func1 (10 handlers)
2021-12-12 16:10:23.022	[34mINFO[0m	apiserver	server/genericapiserver.go:98	GET    /debug/pprof/goroutine --> github.com/gin-contrib/pprof.pprofHandler.func1 (10 handlers)
2021-12-12 16:10:23.022	[34mINFO[0m	apiserver	server/genericapiserver.go:98	GET    /debug/pprof/heap --> github.com/gin-contrib/pprof.pprofHandler.func1 (10 handlers)
2021-12-12 16:10:23.022	[34mINFO[0m	apiserver	server/genericapiserver.go:98	GET    /debug/pprof/mutex --> github.com/gin-contrib/pprof.pprofHandler.func1 (10 handlers)
2021-12-12 16:10:23.022	[34mINFO[0m	apiserver	server/genericapiserver.go:98	GET    /debug/pprof/threadcreate --> github.com/gin-contrib/pprof.pprofHandler.func1 (10 handlers)
2021-12-12 16:10:23.023	[34mINFO[0m	apiserver	server/genericapiserver.go:98	GET    /version --> github.com/dairongpeng/leona/internal/pkg/server.(*GenericAPIServer).InstallAPIs.func2 (10 handlers)
2021-12-12 16:10:24.649	[31mFATAL[0m	apiserver	apiserver/server.go:150	Failed to generate credentials open : no such file or directory
github.com/dairongpeng/leona/internal/apiserver.(*completedExtraConfig).New
	/Users/dairongpeng/workspace/go-workspace/leona/internal/apiserver/server.go:150
github.com/dairongpeng/leona/internal/apiserver.createAPIServer
	/Users/dairongpeng/workspace/go-workspace/leona/internal/apiserver/server.go:80
github.com/dairongpeng/leona/internal/apiserver.Run
	/Users/dairongpeng/workspace/go-workspace/leona/internal/apiserver/run.go:22
github.com/dairongpeng/leona/internal/apiserver.run.func1
	/Users/dairongpeng/workspace/go-workspace/leona/internal/apiserver/app.go:57
github.com/dairongpeng/leona/pkg/app.(*App).runCommand
	/Users/dairongpeng/workspace/go-workspace/leona/pkg/app/app.go:281
github.com/spf13/cobra.(*Command).execute
	/Users/dairongpeng/go/pkg/mod/github.com/spf13/cobra@v1.2.1/command.go:856
github.com/spf13/cobra.(*Command).ExecuteC
	/Users/dairongpeng/go/pkg/mod/github.com/spf13/cobra@v1.2.1/command.go:974
github.com/spf13/cobra.(*Command).Execute
	/Users/dairongpeng/go/pkg/mod/github.com/spf13/cobra@v1.2.1/command.go:902
github.com/dairongpeng/leona/pkg/app.(*App).Run
	/Users/dairongpeng/workspace/go-workspace/leona/pkg/app/app.go:236
main.main
	/Users/dairongpeng/workspace/go-workspace/leona/cmd/leona-apiserver/apiserver.go:25
runtime.main
	/usr/local/go/src/runtime/proc.go:225
2021-12-12 16:12:51.579	[34mINFO[0m	apiserver	server/genericapiserver.go:121	install middleware: recovery
2021-12-12 16:12:51.582	[34mINFO[0m	apiserver	server/genericapiserver.go:121	install middleware: logger
2021-12-12 16:12:51.582	[34mINFO[0m	apiserver	server/genericapiserver.go:121	install middleware: secure
2021-12-12 16:12:51.583	[34mINFO[0m	apiserver	server/genericapiserver.go:121	install middleware: nocache
2021-12-12 16:12:51.583	[34mINFO[0m	apiserver	server/genericapiserver.go:121	install middleware: cors
2021-12-12 16:12:51.583	[34mINFO[0m	apiserver	server/genericapiserver.go:121	install middleware: dump
2021-12-12 16:12:51.584	[34mINFO[0m	apiserver	server/genericapiserver.go:98	GET    /healthz --> github.com/dairongpeng/leona/internal/pkg/server.(*GenericAPIServer).InstallAPIs.func1 (9 handlers)
2021-12-12 16:12:51.584	[34mINFO[0m	apiserver	server/genericapiserver.go:98	GET    /metrics --> github.com/zsais/go-gin-prometheus.prometheusHandler.func1 (10 handlers)
2021-12-12 16:12:51.584	[34mINFO[0m	apiserver	server/genericapiserver.go:98	GET    /debug/pprof/ --> github.com/gin-contrib/pprof.pprofHandler.func1 (10 handlers)
2021-12-12 16:12:51.585	[34mINFO[0m	apiserver	server/genericapiserver.go:98	GET    /debug/pprof/cmdline --> github.com/gin-contrib/pprof.pprofHandler.func1 (10 handlers)
2021-12-12 16:12:51.585	[34mINFO[0m	apiserver	server/genericapiserver.go:98	GET    /debug/pprof/profile --> github.com/gin-contrib/pprof.pprofHandler.func1 (10 handlers)
2021-12-12 16:12:51.585	[34mINFO[0m	apiserver	server/genericapiserver.go:98	POST   /debug/pprof/symbol --> github.com/gin-contrib/pprof.pprofHandler.func1 (10 handlers)
2021-12-12 16:12:51.585	[34mINFO[0m	apiserver	server/genericapiserver.go:98	GET    /debug/pprof/symbol --> github.com/gin-contrib/pprof.pprofHandler.func1 (10 handlers)
2021-12-12 16:12:51.586	[34mINFO[0m	apiserver	server/genericapiserver.go:98	GET    /debug/pprof/trace --> github.com/gin-contrib/pprof.pprofHandler.func1 (10 handlers)
2021-12-12 16:12:51.586	[34mINFO[0m	apiserver	server/genericapiserver.go:98	GET    /debug/pprof/allocs --> github.com/gin-contrib/pprof.pprofHandler.func1 (10 handlers)
2021-12-12 16:12:51.586	[34mINFO[0m	apiserver	server/genericapiserver.go:98	GET    /debug/pprof/block --> github.com/gin-contrib/pprof.pprofHandler.func1 (10 handlers)
2021-12-12 16:12:51.587	[34mINFO[0m	apiserver	server/genericapiserver.go:98	GET    /debug/pprof/goroutine --> github.com/gin-contrib/pprof.pprofHandler.func1 (10 handlers)
2021-12-12 16:12:51.587	[34mINFO[0m	apiserver	server/genericapiserver.go:98	GET    /debug/pprof/heap --> github.com/gin-contrib/pprof.pprofHandler.func1 (10 handlers)
2021-12-12 16:12:51.587	[34mINFO[0m	apiserver	server/genericapiserver.go:98	GET    /debug/pprof/mutex --> github.com/gin-contrib/pprof.pprofHandler.func1 (10 handlers)
2021-12-12 16:12:51.587	[34mINFO[0m	apiserver	server/genericapiserver.go:98	GET    /debug/pprof/threadcreate --> github.com/gin-contrib/pprof.pprofHandler.func1 (10 handlers)
2021-12-12 16:12:51.587	[34mINFO[0m	apiserver	server/genericapiserver.go:98	GET    /version --> github.com/dairongpeng/leona/internal/pkg/server.(*GenericAPIServer).InstallAPIs.func2 (10 handlers)
2021-12-12 16:13:05.107	[34mINFO[0m	apiserver	server/genericapiserver.go:98	POST   /v1/users --> github.com/dairongpeng/leona/internal/apiserver/controller/v1/user.(*UserController).Create-fm (10 handlers)
2021-12-12 16:13:05.107	[34mINFO[0m	apiserver	server/genericapiserver.go:98	DELETE /v1/users --> github.com/dairongpeng/leona/internal/apiserver/controller/v1/user.(*UserController).DeleteCollection-fm (10 handlers)
2021-12-12 16:13:05.108	[34mINFO[0m	apiserver	server/genericapiserver.go:98	DELETE /v1/users/:name --> github.com/dairongpeng/leona/internal/apiserver/controller/v1/user.(*UserController).Delete-fm (10 handlers)
2021-12-12 16:13:05.108	[34mINFO[0m	apiserver	server/genericapiserver.go:98	PUT    /v1/users/:name/change-password --> github.com/dairongpeng/leona/internal/apiserver/controller/v1/user.(*UserController).ChangePassword-fm (10 handlers)
2021-12-12 16:13:05.108	[34mINFO[0m	apiserver	server/genericapiserver.go:98	PUT    /v1/users/:name --> github.com/dairongpeng/leona/internal/apiserver/controller/v1/user.(*UserController).Update-fm (10 handlers)
2021-12-12 16:13:05.108	[34mINFO[0m	apiserver	server/genericapiserver.go:98	GET    /v1/users --> github.com/dairongpeng/leona/internal/apiserver/controller/v1/user.(*UserController).List-fm (10 handlers)
2021-12-12 16:13:05.108	[34mINFO[0m	apiserver	server/genericapiserver.go:98	GET    /v1/users/:name --> github.com/dairongpeng/leona/internal/apiserver/controller/v1/user.(*UserController).Get-fm (10 handlers)
2021-12-12 16:13:56.940	[34mINFO[0m	apiserver	server/genericapiserver.go:121	install middleware: recovery
2021-12-12 16:13:56.940	[34mINFO[0m	apiserver	server/genericapiserver.go:121	install middleware: logger
2021-12-12 16:13:56.940	[34mINFO[0m	apiserver	server/genericapiserver.go:121	install middleware: secure
2021-12-12 16:13:56.940	[34mINFO[0m	apiserver	server/genericapiserver.go:121	install middleware: nocache
2021-12-12 16:13:56.940	[34mINFO[0m	apiserver	server/genericapiserver.go:121	install middleware: cors
2021-12-12 16:13:56.940	[34mINFO[0m	apiserver	server/genericapiserver.go:121	install middleware: dump
2021-12-12 16:13:56.940	[34mINFO[0m	apiserver	server/genericapiserver.go:98	GET    /healthz --> github.com/dairongpeng/leona/internal/pkg/server.(*GenericAPIServer).InstallAPIs.func1 (9 handlers)
2021-12-12 16:13:56.941	[34mINFO[0m	apiserver	server/genericapiserver.go:98	GET    /metrics --> github.com/zsais/go-gin-prometheus.prometheusHandler.func1 (10 handlers)
2021-12-12 16:13:56.941	[34mINFO[0m	apiserver	server/genericapiserver.go:98	GET    /debug/pprof/ --> github.com/gin-contrib/pprof.pprofHandler.func1 (10 handlers)
2021-12-12 16:13:56.943	[34mINFO[0m	apiserver	server/genericapiserver.go:98	GET    /debug/pprof/cmdline --> github.com/gin-contrib/pprof.pprofHandler.func1 (10 handlers)
2021-12-12 16:13:56.943	[34mINFO[0m	apiserver	server/genericapiserver.go:98	GET    /debug/pprof/profile --> github.com/gin-contrib/pprof.pprofHandler.func1 (10 handlers)
2021-12-12 16:13:56.943	[34mINFO[0m	apiserver	server/genericapiserver.go:98	POST   /debug/pprof/symbol --> github.com/gin-contrib/pprof.pprofHandler.func1 (10 handlers)
2021-12-12 16:13:56.944	[34mINFO[0m	apiserver	server/genericapiserver.go:98	GET    /debug/pprof/symbol --> github.com/gin-contrib/pprof.pprofHandler.func1 (10 handlers)
2021-12-12 16:13:56.944	[34mINFO[0m	apiserver	server/genericapiserver.go:98	GET    /debug/pprof/trace --> github.com/gin-contrib/pprof.pprofHandler.func1 (10 handlers)
2021-12-12 16:13:56.944	[34mINFO[0m	apiserver	server/genericapiserver.go:98	GET    /debug/pprof/allocs --> github.com/gin-contrib/pprof.pprofHandler.func1 (10 handlers)
2021-12-12 16:13:56.944	[34mINFO[0m	apiserver	server/genericapiserver.go:98	GET    /debug/pprof/block --> github.com/gin-contrib/pprof.pprofHandler.func1 (10 handlers)
2021-12-12 16:13:56.944	[34mINFO[0m	apiserver	server/genericapiserver.go:98	GET    /debug/pprof/goroutine --> github.com/gin-contrib/pprof.pprofHandler.func1 (10 handlers)
2021-12-12 16:13:56.944	[34mINFO[0m	apiserver	server/genericapiserver.go:98	GET    /debug/pprof/heap --> github.com/gin-contrib/pprof.pprofHandler.func1 (10 handlers)
2021-12-12 16:13:56.944	[34mINFO[0m	apiserver	server/genericapiserver.go:98	GET    /debug/pprof/mutex --> github.com/gin-contrib/pprof.pprofHandler.func1 (10 handlers)
2021-12-12 16:13:56.944	[34mINFO[0m	apiserver	server/genericapiserver.go:98	GET    /debug/pprof/threadcreate --> github.com/gin-contrib/pprof.pprofHandler.func1 (10 handlers)
2021-12-12 16:13:56.944	[34mINFO[0m	apiserver	server/genericapiserver.go:98	GET    /version --> github.com/dairongpeng/leona/internal/pkg/server.(*GenericAPIServer).InstallAPIs.func2 (10 handlers)
2021-12-12 17:02:18.092	[34mINFO[0m	apiserver	server/genericapiserver.go:121	install middleware: recovery
2021-12-12 17:02:18.093	[34mINFO[0m	apiserver	server/genericapiserver.go:121	install middleware: logger
2021-12-12 17:02:18.094	[34mINFO[0m	apiserver	server/genericapiserver.go:121	install middleware: nocache
2021-12-12 17:02:18.094	[34mINFO[0m	apiserver	server/genericapiserver.go:98	GET    /healthz --> github.com/dairongpeng/leona/internal/pkg/server.(*GenericAPIServer).InstallAPIs.func1 (6 handlers)
2021-12-12 17:02:18.094	[34mINFO[0m	apiserver	server/genericapiserver.go:98	GET    /metrics --> github.com/zsais/go-gin-prometheus.prometheusHandler.func1 (7 handlers)
2021-12-12 17:02:18.095	[34mINFO[0m	apiserver	server/genericapiserver.go:98	GET    /debug/pprof/ --> github.com/gin-contrib/pprof.pprofHandler.func1 (7 handlers)
2021-12-12 17:02:18.095	[34mINFO[0m	apiserver	server/genericapiserver.go:98	GET    /debug/pprof/cmdline --> github.com/gin-contrib/pprof.pprofHandler.func1 (7 handlers)
2021-12-12 17:02:18.095	[34mINFO[0m	apiserver	server/genericapiserver.go:98	GET    /debug/pprof/profile --> github.com/gin-contrib/pprof.pprofHandler.func1 (7 handlers)
2021-12-12 17:02:18.095	[34mINFO[0m	apiserver	server/genericapiserver.go:98	POST   /debug/pprof/symbol --> github.com/gin-contrib/pprof.pprofHandler.func1 (7 handlers)
2021-12-12 17:02:18.095	[34mINFO[0m	apiserver	server/genericapiserver.go:98	GET    /debug/pprof/symbol --> github.com/gin-contrib/pprof.pprofHandler.func1 (7 handlers)
2021-12-12 17:02:18.095	[34mINFO[0m	apiserver	server/genericapiserver.go:98	GET    /debug/pprof/trace --> github.com/gin-contrib/pprof.pprofHandler.func1 (7 handlers)
2021-12-12 17:02:18.095	[34mINFO[0m	apiserver	server/genericapiserver.go:98	GET    /debug/pprof/allocs --> github.com/gin-contrib/pprof.pprofHandler.func1 (7 handlers)
2021-12-12 17:02:18.095	[34mINFO[0m	apiserver	server/genericapiserver.go:98	GET    /debug/pprof/block --> github.com/gin-contrib/pprof.pprofHandler.func1 (7 handlers)
2021-12-12 17:02:18.095	[34mINFO[0m	apiserver	server/genericapiserver.go:98	GET    /debug/pprof/goroutine --> github.com/gin-contrib/pprof.pprofHandler.func1 (7 handlers)
2021-12-12 17:02:18.095	[34mINFO[0m	apiserver	server/genericapiserver.go:98	GET    /debug/pprof/heap --> github.com/gin-contrib/pprof.pprofHandler.func1 (7 handlers)
2021-12-12 17:02:18.095	[34mINFO[0m	apiserver	server/genericapiserver.go:98	GET    /debug/pprof/mutex --> github.com/gin-contrib/pprof.pprofHandler.func1 (7 handlers)
2021-12-12 17:02:18.095	[34mINFO[0m	apiserver	server/genericapiserver.go:98	GET    /debug/pprof/threadcreate --> github.com/gin-contrib/pprof.pprofHandler.func1 (7 handlers)
2021-12-12 17:02:18.095	[34mINFO[0m	apiserver	server/genericapiserver.go:98	GET    /version --> github.com/dairongpeng/leona/internal/pkg/server.(*GenericAPIServer).InstallAPIs.func2 (7 handlers)
2021-12-12 17:03:24.016	[34mINFO[0m	apiserver	server/genericapiserver.go:98	POST   /v1/users --> github.com/dairongpeng/leona/internal/apiserver/controller/v1/user.(*UserController).Create-fm (7 handlers)
2021-12-12 17:03:24.018	[34mINFO[0m	apiserver	server/genericapiserver.go:98	DELETE /v1/users --> github.com/dairongpeng/leona/internal/apiserver/controller/v1/user.(*UserController).DeleteCollection-fm (7 handlers)
2021-12-12 17:03:24.018	[34mINFO[0m	apiserver	server/genericapiserver.go:98	DELETE /v1/users/:name --> github.com/dairongpeng/leona/internal/apiserver/controller/v1/user.(*UserController).Delete-fm (7 handlers)
2021-12-12 17:03:24.018	[34mINFO[0m	apiserver	server/genericapiserver.go:98	PUT    /v1/users/:name/change-password --> github.com/dairongpeng/leona/internal/apiserver/controller/v1/user.(*UserController).ChangePassword-fm (7 handlers)
2021-12-12 17:03:24.018	[34mINFO[0m	apiserver	server/genericapiserver.go:98	PUT    /v1/users/:name --> github.com/dairongpeng/leona/internal/apiserver/controller/v1/user.(*UserController).Update-fm (7 handlers)
2021-12-12 17:03:24.018	[34mINFO[0m	apiserver	server/genericapiserver.go:98	GET    /v1/users --> github.com/dairongpeng/leona/internal/apiserver/controller/v1/user.(*UserController).List-fm (7 handlers)
2021-12-12 17:03:24.018	[34mINFO[0m	apiserver	server/genericapiserver.go:98	GET    /v1/users/:name --> github.com/dairongpeng/leona/internal/apiserver/controller/v1/user.(*UserController).Get-fm (7 handlers)
2021-12-12 17:04:25.224	[34mINFO[0m	apiserver	server/genericapiserver.go:121	install middleware: recovery
2021-12-12 17:04:25.227	[34mINFO[0m	apiserver	server/genericapiserver.go:121	install middleware: logger
2021-12-12 17:04:25.227	[34mINFO[0m	apiserver	server/genericapiserver.go:121	install middleware: nocache
2021-12-12 17:04:25.227	[34mINFO[0m	apiserver	server/genericapiserver.go:98	GET    /healthz --> github.com/dairongpeng/leona/internal/pkg/server.(*GenericAPIServer).InstallAPIs.func1 (6 handlers)
2021-12-12 17:04:25.229	[34mINFO[0m	apiserver	server/genericapiserver.go:98	GET    /metrics --> github.com/zsais/go-gin-prometheus.prometheusHandler.func1 (7 handlers)
2021-12-12 17:04:25.229	[34mINFO[0m	apiserver	server/genericapiserver.go:98	GET    /debug/pprof/ --> github.com/gin-contrib/pprof.pprofHandler.func1 (7 handlers)
2021-12-12 17:04:25.229	[34mINFO[0m	apiserver	server/genericapiserver.go:98	GET    /debug/pprof/cmdline --> github.com/gin-contrib/pprof.pprofHandler.func1 (7 handlers)
2021-12-12 17:04:25.229	[34mINFO[0m	apiserver	server/genericapiserver.go:98	GET    /debug/pprof/profile --> github.com/gin-contrib/pprof.pprofHandler.func1 (7 handlers)
2021-12-12 17:04:25.229	[34mINFO[0m	apiserver	server/genericapiserver.go:98	POST   /debug/pprof/symbol --> github.com/gin-contrib/pprof.pprofHandler.func1 (7 handlers)
2021-12-12 17:04:25.230	[34mINFO[0m	apiserver	server/genericapiserver.go:98	GET    /debug/pprof/symbol --> github.com/gin-contrib/pprof.pprofHandler.func1 (7 handlers)
2021-12-12 17:04:25.230	[34mINFO[0m	apiserver	server/genericapiserver.go:98	GET    /debug/pprof/trace --> github.com/gin-contrib/pprof.pprofHandler.func1 (7 handlers)
2021-12-12 17:04:25.230	[34mINFO[0m	apiserver	server/genericapiserver.go:98	GET    /debug/pprof/allocs --> github.com/gin-contrib/pprof.pprofHandler.func1 (7 handlers)
2021-12-12 17:04:25.230	[34mINFO[0m	apiserver	server/genericapiserver.go:98	GET    /debug/pprof/block --> github.com/gin-contrib/pprof.pprofHandler.func1 (7 handlers)
2021-12-12 17:04:25.231	[34mINFO[0m	apiserver	server/genericapiserver.go:98	GET    /debug/pprof/goroutine --> github.com/gin-contrib/pprof.pprofHandler.func1 (7 handlers)
2021-12-12 17:04:25.231	[34mINFO[0m	apiserver	server/genericapiserver.go:98	GET    /debug/pprof/heap --> github.com/gin-contrib/pprof.pprofHandler.func1 (7 handlers)
2021-12-12 17:04:25.231	[34mINFO[0m	apiserver	server/genericapiserver.go:98	GET    /debug/pprof/mutex --> github.com/gin-contrib/pprof.pprofHandler.func1 (7 handlers)
2021-12-12 17:04:25.231	[34mINFO[0m	apiserver	server/genericapiserver.go:98	GET    /debug/pprof/threadcreate --> github.com/gin-contrib/pprof.pprofHandler.func1 (7 handlers)
2021-12-12 17:04:25.231	[34mINFO[0m	apiserver	server/genericapiserver.go:98	GET    /version --> github.com/dairongpeng/leona/internal/pkg/server.(*GenericAPIServer).InstallAPIs.func2 (7 handlers)
2021-12-12 17:04:33.144	[34mINFO[0m	apiserver	server/genericapiserver.go:98	POST   /v1/users --> github.com/dairongpeng/leona/internal/apiserver/controller/v1/user.(*UserController).Create-fm (7 handlers)
2021-12-12 17:04:33.144	[34mINFO[0m	apiserver	server/genericapiserver.go:98	DELETE /v1/users --> github.com/dairongpeng/leona/internal/apiserver/controller/v1/user.(*UserController).DeleteCollection-fm (7 handlers)
2021-12-12 17:04:33.144	[34mINFO[0m	apiserver	server/genericapiserver.go:98	DELETE /v1/users/:name --> github.com/dairongpeng/leona/internal/apiserver/controller/v1/user.(*UserController).Delete-fm (7 handlers)
2021-12-12 17:04:33.144	[34mINFO[0m	apiserver	server/genericapiserver.go:98	PUT    /v1/users/:name/change-password --> github.com/dairongpeng/leona/internal/apiserver/controller/v1/user.(*UserController).ChangePassword-fm (7 handlers)
2021-12-12 17:04:33.144	[34mINFO[0m	apiserver	server/genericapiserver.go:98	PUT    /v1/users/:name --> github.com/dairongpeng/leona/internal/apiserver/controller/v1/user.(*UserController).Update-fm (7 handlers)
2021-12-12 17:04:33.144	[34mINFO[0m	apiserver	server/genericapiserver.go:98	GET    /v1/users --> github.com/dairongpeng/leona/internal/apiserver/controller/v1/user.(*UserController).List-fm (7 handlers)
2021-12-12 17:04:33.145	[34mINFO[0m	apiserver	server/genericapiserver.go:98	GET    /v1/users/:name --> github.com/dairongpeng/leona/internal/apiserver/controller/v1/user.(*UserController).Get-fm (7 handlers)
2021-12-12 17:05:06.956	[34mINFO[0m	apiserver	server/genericapiserver.go:121	install middleware: recovery
2021-12-12 17:05:06.956	[34mINFO[0m	apiserver	server/genericapiserver.go:121	install middleware: logger
2021-12-12 17:05:06.956	[34mINFO[0m	apiserver	server/genericapiserver.go:121	install middleware: nocache
2021-12-12 17:05:06.957	[34mINFO[0m	apiserver	server/genericapiserver.go:98	GET    /healthz --> github.com/dairongpeng/leona/internal/pkg/server.(*GenericAPIServer).InstallAPIs.func1 (6 handlers)
2021-12-12 17:05:06.957	[34mINFO[0m	apiserver	server/genericapiserver.go:98	GET    /metrics --> github.com/zsais/go-gin-prometheus.prometheusHandler.func1 (7 handlers)
2021-12-12 17:05:06.958	[34mINFO[0m	apiserver	server/genericapiserver.go:98	GET    /debug/pprof/ --> github.com/gin-contrib/pprof.pprofHandler.func1 (7 handlers)
2021-12-12 17:05:06.958	[34mINFO[0m	apiserver	server/genericapiserver.go:98	GET    /debug/pprof/cmdline --> github.com/gin-contrib/pprof.pprofHandler.func1 (7 handlers)
2021-12-12 17:05:06.958	[34mINFO[0m	apiserver	server/genericapiserver.go:98	GET    /debug/pprof/profile --> github.com/gin-contrib/pprof.pprofHandler.func1 (7 handlers)
2021-12-12 17:05:06.958	[34mINFO[0m	apiserver	server/genericapiserver.go:98	POST   /debug/pprof/symbol --> github.com/gin-contrib/pprof.pprofHandler.func1 (7 handlers)
2021-12-12 17:05:06.958	[34mINFO[0m	apiserver	server/genericapiserver.go:98	GET    /debug/pprof/symbol --> github.com/gin-contrib/pprof.pprofHandler.func1 (7 handlers)
2021-12-12 17:05:06.959	[34mINFO[0m	apiserver	server/genericapiserver.go:98	GET    /debug/pprof/trace --> github.com/gin-contrib/pprof.pprofHandler.func1 (7 handlers)
2021-12-12 17:05:06.960	[34mINFO[0m	apiserver	server/genericapiserver.go:98	GET    /debug/pprof/allocs --> github.com/gin-contrib/pprof.pprofHandler.func1 (7 handlers)
2021-12-12 17:05:06.960	[34mINFO[0m	apiserver	server/genericapiserver.go:98	GET    /debug/pprof/block --> github.com/gin-contrib/pprof.pprofHandler.func1 (7 handlers)
2021-12-12 17:05:06.961	[34mINFO[0m	apiserver	server/genericapiserver.go:98	GET    /debug/pprof/goroutine --> github.com/gin-contrib/pprof.pprofHandler.func1 (7 handlers)
2021-12-12 17:05:06.961	[34mINFO[0m	apiserver	server/genericapiserver.go:98	GET    /debug/pprof/heap --> github.com/gin-contrib/pprof.pprofHandler.func1 (7 handlers)
2021-12-12 17:05:06.961	[34mINFO[0m	apiserver	server/genericapiserver.go:98	GET    /debug/pprof/mutex --> github.com/gin-contrib/pprof.pprofHandler.func1 (7 handlers)
2021-12-12 17:05:06.961	[34mINFO[0m	apiserver	server/genericapiserver.go:98	GET    /debug/pprof/threadcreate --> github.com/gin-contrib/pprof.pprofHandler.func1 (7 handlers)
2021-12-12 17:05:06.961	[34mINFO[0m	apiserver	server/genericapiserver.go:98	GET    /version --> github.com/dairongpeng/leona/internal/pkg/server.(*GenericAPIServer).InstallAPIs.func2 (7 handlers)
2021-12-12 17:05:16.272	[34mINFO[0m	apiserver	server/genericapiserver.go:98	POST   /v1/users --> github.com/dairongpeng/leona/internal/apiserver/controller/v1/user.(*UserController).Create-fm (7 handlers)
2021-12-12 17:05:16.272	[34mINFO[0m	apiserver	server/genericapiserver.go:98	DELETE /v1/users --> github.com/dairongpeng/leona/internal/apiserver/controller/v1/user.(*UserController).DeleteCollection-fm (7 handlers)
2021-12-12 17:05:16.272	[34mINFO[0m	apiserver	server/genericapiserver.go:98	DELETE /v1/users/:name --> github.com/dairongpeng/leona/internal/apiserver/controller/v1/user.(*UserController).Delete-fm (7 handlers)
2021-12-12 17:05:16.272	[34mINFO[0m	apiserver	server/genericapiserver.go:98	PUT    /v1/users/:name/change-password --> github.com/dairongpeng/leona/internal/apiserver/controller/v1/user.(*UserController).ChangePassword-fm (7 handlers)
2021-12-12 17:05:16.272	[34mINFO[0m	apiserver	server/genericapiserver.go:98	PUT    /v1/users/:name --> github.com/dairongpeng/leona/internal/apiserver/controller/v1/user.(*UserController).Update-fm (7 handlers)
2021-12-12 17:05:16.273	[34mINFO[0m	apiserver	server/genericapiserver.go:98	GET    /v1/users --> github.com/dairongpeng/leona/internal/apiserver/controller/v1/user.(*UserController).List-fm (7 handlers)
2021-12-12 17:05:16.273	[34mINFO[0m	apiserver	server/genericapiserver.go:98	GET    /v1/users/:name --> github.com/dairongpeng/leona/internal/apiserver/controller/v1/user.(*UserController).Get-fm (7 handlers)
2021-12-12 17:08:09.439	[34mINFO[0m	apiserver	server/genericapiserver.go:121	install middleware: recovery
2021-12-12 17:08:09.440	[34mINFO[0m	apiserver	server/genericapiserver.go:121	install middleware: logger
2021-12-12 17:08:09.440	[34mINFO[0m	apiserver	server/genericapiserver.go:121	install middleware: nocache
2021-12-12 17:08:09.441	[34mINFO[0m	apiserver	server/genericapiserver.go:98	GET    /healthz --> github.com/dairongpeng/leona/internal/pkg/server.(*GenericAPIServer).InstallAPIs.func1 (6 handlers)
2021-12-12 17:08:09.443	[34mINFO[0m	apiserver	server/genericapiserver.go:98	GET    /metrics --> github.com/zsais/go-gin-prometheus.prometheusHandler.func1 (7 handlers)
2021-12-12 17:08:09.444	[34mINFO[0m	apiserver	server/genericapiserver.go:98	GET    /debug/pprof/ --> github.com/gin-contrib/pprof.pprofHandler.func1 (7 handlers)
2021-12-12 17:08:09.444	[34mINFO[0m	apiserver	server/genericapiserver.go:98	GET    /debug/pprof/cmdline --> github.com/gin-contrib/pprof.pprofHandler.func1 (7 handlers)
2021-12-12 17:08:09.444	[34mINFO[0m	apiserver	server/genericapiserver.go:98	GET    /debug/pprof/profile --> github.com/gin-contrib/pprof.pprofHandler.func1 (7 handlers)
2021-12-12 17:08:09.444	[34mINFO[0m	apiserver	server/genericapiserver.go:98	POST   /debug/pprof/symbol --> github.com/gin-contrib/pprof.pprofHandler.func1 (7 handlers)
2021-12-12 17:08:09.445	[34mINFO[0m	apiserver	server/genericapiserver.go:98	GET    /debug/pprof/symbol --> github.com/gin-contrib/pprof.pprofHandler.func1 (7 handlers)
2021-12-12 17:08:09.445	[34mINFO[0m	apiserver	server/genericapiserver.go:98	GET    /debug/pprof/trace --> github.com/gin-contrib/pprof.pprofHandler.func1 (7 handlers)
2021-12-12 17:08:09.445	[34mINFO[0m	apiserver	server/genericapiserver.go:98	GET    /debug/pprof/allocs --> github.com/gin-contrib/pprof.pprofHandler.func1 (7 handlers)
2021-12-12 17:08:09.445	[34mINFO[0m	apiserver	server/genericapiserver.go:98	GET    /debug/pprof/block --> github.com/gin-contrib/pprof.pprofHandler.func1 (7 handlers)
2021-12-12 17:08:09.446	[34mINFO[0m	apiserver	server/genericapiserver.go:98	GET    /debug/pprof/goroutine --> github.com/gin-contrib/pprof.pprofHandler.func1 (7 handlers)
2021-12-12 17:08:09.446	[34mINFO[0m	apiserver	server/genericapiserver.go:98	GET    /debug/pprof/heap --> github.com/gin-contrib/pprof.pprofHandler.func1 (7 handlers)
2021-12-12 17:08:09.446	[34mINFO[0m	apiserver	server/genericapiserver.go:98	GET    /debug/pprof/mutex --> github.com/gin-contrib/pprof.pprofHandler.func1 (7 handlers)
2021-12-12 17:08:09.446	[34mINFO[0m	apiserver	server/genericapiserver.go:98	GET    /debug/pprof/threadcreate --> github.com/gin-contrib/pprof.pprofHandler.func1 (7 handlers)
2021-12-12 17:08:09.446	[34mINFO[0m	apiserver	server/genericapiserver.go:98	GET    /version --> github.com/dairongpeng/leona/internal/pkg/server.(*GenericAPIServer).InstallAPIs.func2 (7 handlers)
2021-12-12 17:08:15.218	[34mINFO[0m	apiserver	server/genericapiserver.go:98	POST   /v1/users --> github.com/dairongpeng/leona/internal/apiserver/controller/v1/user.(*UserController).Create-fm (7 handlers)
2021-12-12 17:08:15.219	[34mINFO[0m	apiserver	server/genericapiserver.go:98	DELETE /v1/users --> github.com/dairongpeng/leona/internal/apiserver/controller/v1/user.(*UserController).DeleteCollection-fm (7 handlers)
2021-12-12 17:08:15.219	[34mINFO[0m	apiserver	server/genericapiserver.go:98	DELETE /v1/users/:name --> github.com/dairongpeng/leona/internal/apiserver/controller/v1/user.(*UserController).Delete-fm (7 handlers)
2021-12-12 17:08:15.219	[34mINFO[0m	apiserver	server/genericapiserver.go:98	PUT    /v1/users/:name/change-password --> github.com/dairongpeng/leona/internal/apiserver/controller/v1/user.(*UserController).ChangePassword-fm (7 handlers)
2021-12-12 17:08:15.219	[34mINFO[0m	apiserver	server/genericapiserver.go:98	PUT    /v1/users/:name --> github.com/dairongpeng/leona/internal/apiserver/controller/v1/user.(*UserController).Update-fm (7 handlers)
2021-12-12 17:08:15.219	[34mINFO[0m	apiserver	server/genericapiserver.go:98	GET    /v1/users --> github.com/dairongpeng/leona/internal/apiserver/controller/v1/user.(*UserController).List-fm (7 handlers)
2021-12-12 17:08:15.219	[34mINFO[0m	apiserver	server/genericapiserver.go:98	GET    /v1/users/:name --> github.com/dairongpeng/leona/internal/apiserver/controller/v1/user.(*UserController).Get-fm (7 handlers)
2021-12-12 17:09:11.766	[34mINFO[0m	apiserver	apiserver/grpc.go:43	start grpc server at 0.0.0.0:8081
2021-12-12 17:11:04.857	[34mINFO[0m	apiserver	server/genericapiserver.go:121	install middleware: recovery
2021-12-12 17:11:04.859	[34mINFO[0m	apiserver	server/genericapiserver.go:121	install middleware: logger
2021-12-12 17:11:04.860	[34mINFO[0m	apiserver	server/genericapiserver.go:121	install middleware: nocache
2021-12-12 17:11:04.860	[34mINFO[0m	apiserver	server/genericapiserver.go:98	GET    /healthz --> github.com/dairongpeng/leona/internal/pkg/server.(*GenericAPIServer).InstallAPIs.func1 (6 handlers)
2021-12-12 17:11:04.861	[34mINFO[0m	apiserver	server/genericapiserver.go:98	GET    /metrics --> github.com/zsais/go-gin-prometheus.prometheusHandler.func1 (7 handlers)
2021-12-12 17:11:04.861	[34mINFO[0m	apiserver	server/genericapiserver.go:98	GET    /debug/pprof/ --> github.com/gin-contrib/pprof.pprofHandler.func1 (7 handlers)
2021-12-12 17:11:04.861	[34mINFO[0m	apiserver	server/genericapiserver.go:98	GET    /debug/pprof/cmdline --> github.com/gin-contrib/pprof.pprofHandler.func1 (7 handlers)
2021-12-12 17:11:04.861	[34mINFO[0m	apiserver	server/genericapiserver.go:98	GET    /debug/pprof/profile --> github.com/gin-contrib/pprof.pprofHandler.func1 (7 handlers)
2021-12-12 17:11:04.861	[34mINFO[0m	apiserver	server/genericapiserver.go:98	POST   /debug/pprof/symbol --> github.com/gin-contrib/pprof.pprofHandler.func1 (7 handlers)
2021-12-12 17:11:04.862	[34mINFO[0m	apiserver	server/genericapiserver.go:98	GET    /debug/pprof/symbol --> github.com/gin-contrib/pprof.pprofHandler.func1 (7 handlers)
2021-12-12 17:11:04.862	[34mINFO[0m	apiserver	server/genericapiserver.go:98	GET    /debug/pprof/trace --> github.com/gin-contrib/pprof.pprofHandler.func1 (7 handlers)
2021-12-12 17:11:04.862	[34mINFO[0m	apiserver	server/genericapiserver.go:98	GET    /debug/pprof/allocs --> github.com/gin-contrib/pprof.pprofHandler.func1 (7 handlers)
2021-12-12 17:11:04.862	[34mINFO[0m	apiserver	server/genericapiserver.go:98	GET    /debug/pprof/block --> github.com/gin-contrib/pprof.pprofHandler.func1 (7 handlers)
2021-12-12 17:11:04.862	[34mINFO[0m	apiserver	server/genericapiserver.go:98	GET    /debug/pprof/goroutine --> github.com/gin-contrib/pprof.pprofHandler.func1 (7 handlers)
2021-12-12 17:11:04.862	[34mINFO[0m	apiserver	server/genericapiserver.go:98	GET    /debug/pprof/heap --> github.com/gin-contrib/pprof.pprofHandler.func1 (7 handlers)
2021-12-12 17:11:04.863	[34mINFO[0m	apiserver	server/genericapiserver.go:98	GET    /debug/pprof/mutex --> github.com/gin-contrib/pprof.pprofHandler.func1 (7 handlers)
2021-12-12 17:11:04.863	[34mINFO[0m	apiserver	server/genericapiserver.go:98	GET    /debug/pprof/threadcreate --> github.com/gin-contrib/pprof.pprofHandler.func1 (7 handlers)
2021-12-12 17:11:04.863	[34mINFO[0m	apiserver	server/genericapiserver.go:98	GET    /version --> github.com/dairongpeng/leona/internal/pkg/server.(*GenericAPIServer).InstallAPIs.func2 (7 handlers)
2021-12-12 17:11:09.600	[34mINFO[0m	apiserver	server/genericapiserver.go:98	POST   /v1/users --> github.com/dairongpeng/leona/internal/apiserver/controller/v1/user.(*UserController).Create-fm (7 handlers)
2021-12-12 17:11:09.601	[34mINFO[0m	apiserver	server/genericapiserver.go:98	DELETE /v1/users --> github.com/dairongpeng/leona/internal/apiserver/controller/v1/user.(*UserController).DeleteCollection-fm (7 handlers)
2021-12-12 17:11:09.601	[34mINFO[0m	apiserver	server/genericapiserver.go:98	DELETE /v1/users/:name --> github.com/dairongpeng/leona/internal/apiserver/controller/v1/user.(*UserController).Delete-fm (7 handlers)
2021-12-12 17:11:09.601	[34mINFO[0m	apiserver	server/genericapiserver.go:98	PUT    /v1/users/:name/change-password --> github.com/dairongpeng/leona/internal/apiserver/controller/v1/user.(*UserController).ChangePassword-fm (7 handlers)
2021-12-12 17:11:09.602	[34mINFO[0m	apiserver	server/genericapiserver.go:98	PUT    /v1/users/:name --> github.com/dairongpeng/leona/internal/apiserver/controller/v1/user.(*UserController).Update-fm (7 handlers)
2021-12-12 17:11:09.603	[34mINFO[0m	apiserver	server/genericapiserver.go:98	GET    /v1/users --> github.com/dairongpeng/leona/internal/apiserver/controller/v1/user.(*UserController).List-fm (7 handlers)
2021-12-12 17:11:09.604	[34mINFO[0m	apiserver	server/genericapiserver.go:98	GET    /v1/users/:name --> github.com/dairongpeng/leona/internal/apiserver/controller/v1/user.(*UserController).Get-fm (7 handlers)
2021-12-12 17:11:11.992	[34mINFO[0m	apiserver	server/genericapiserver.go:164	Start to listening the incoming requests on http address: 127.0.0.1:8080
2021-12-12 17:11:11.992	[34mINFO[0m	apiserver	apiserver/grpc.go:43	start grpc server at 0.0.0.0:8081
2021-12-12 17:12:23.780	[34mINFO[0m	apiserver	server/genericapiserver.go:121	install middleware: recovery
2021-12-12 17:12:23.782	[34mINFO[0m	apiserver	server/genericapiserver.go:121	install middleware: logger
2021-12-12 17:12:23.783	[34mINFO[0m	apiserver	server/genericapiserver.go:121	install middleware: nocache
2021-12-12 17:12:23.783	[34mINFO[0m	apiserver	server/genericapiserver.go:98	GET    /healthz --> github.com/dairongpeng/leona/internal/pkg/server.(*GenericAPIServer).InstallAPIs.func1 (6 handlers)
2021-12-12 17:12:23.783	[34mINFO[0m	apiserver	server/genericapiserver.go:98	GET    /metrics --> github.com/zsais/go-gin-prometheus.prometheusHandler.func1 (7 handlers)
2021-12-12 17:12:23.783	[34mINFO[0m	apiserver	server/genericapiserver.go:98	GET    /debug/pprof/ --> github.com/gin-contrib/pprof.pprofHandler.func1 (7 handlers)
2021-12-12 17:12:23.783	[34mINFO[0m	apiserver	server/genericapiserver.go:98	GET    /debug/pprof/cmdline --> github.com/gin-contrib/pprof.pprofHandler.func1 (7 handlers)
2021-12-12 17:12:23.783	[34mINFO[0m	apiserver	server/genericapiserver.go:98	GET    /debug/pprof/profile --> github.com/gin-contrib/pprof.pprofHandler.func1 (7 handlers)
2021-12-12 17:12:23.784	[34mINFO[0m	apiserver	server/genericapiserver.go:98	POST   /debug/pprof/symbol --> github.com/gin-contrib/pprof.pprofHandler.func1 (7 handlers)
2021-12-12 17:12:23.784	[34mINFO[0m	apiserver	server/genericapiserver.go:98	GET    /debug/pprof/symbol --> github.com/gin-contrib/pprof.pprofHandler.func1 (7 handlers)
2021-12-12 17:12:23.784	[34mINFO[0m	apiserver	server/genericapiserver.go:98	GET    /debug/pprof/trace --> github.com/gin-contrib/pprof.pprofHandler.func1 (7 handlers)
2021-12-12 17:12:23.784	[34mINFO[0m	apiserver	server/genericapiserver.go:98	GET    /debug/pprof/allocs --> github.com/gin-contrib/pprof.pprofHandler.func1 (7 handlers)
2021-12-12 17:12:23.784	[34mINFO[0m	apiserver	server/genericapiserver.go:98	GET    /debug/pprof/block --> github.com/gin-contrib/pprof.pprofHandler.func1 (7 handlers)
2021-12-12 17:12:23.784	[34mINFO[0m	apiserver	server/genericapiserver.go:98	GET    /debug/pprof/goroutine --> github.com/gin-contrib/pprof.pprofHandler.func1 (7 handlers)
2021-12-12 17:12:23.784	[34mINFO[0m	apiserver	server/genericapiserver.go:98	GET    /debug/pprof/heap --> github.com/gin-contrib/pprof.pprofHandler.func1 (7 handlers)
2021-12-12 17:12:23.784	[34mINFO[0m	apiserver	server/genericapiserver.go:98	GET    /debug/pprof/mutex --> github.com/gin-contrib/pprof.pprofHandler.func1 (7 handlers)
2021-12-12 17:12:23.784	[34mINFO[0m	apiserver	server/genericapiserver.go:98	GET    /debug/pprof/threadcreate --> github.com/gin-contrib/pprof.pprofHandler.func1 (7 handlers)
2021-12-12 17:12:23.784	[34mINFO[0m	apiserver	server/genericapiserver.go:98	GET    /version --> github.com/dairongpeng/leona/internal/pkg/server.(*GenericAPIServer).InstallAPIs.func2 (7 handlers)
2021-12-12 17:12:27.966	[34mINFO[0m	apiserver	server/genericapiserver.go:98	POST   /v1/users --> github.com/dairongpeng/leona/internal/apiserver/controller/v1/user.(*UserController).Create-fm (7 handlers)
2021-12-12 17:12:27.966	[34mINFO[0m	apiserver	server/genericapiserver.go:98	DELETE /v1/users --> github.com/dairongpeng/leona/internal/apiserver/controller/v1/user.(*UserController).DeleteCollection-fm (7 handlers)
2021-12-12 17:12:27.967	[34mINFO[0m	apiserver	server/genericapiserver.go:98	DELETE /v1/users/:name --> github.com/dairongpeng/leona/internal/apiserver/controller/v1/user.(*UserController).Delete-fm (7 handlers)
2021-12-12 17:12:27.967	[34mINFO[0m	apiserver	server/genericapiserver.go:98	PUT    /v1/users/:name/change-password --> github.com/dairongpeng/leona/internal/apiserver/controller/v1/user.(*UserController).ChangePassword-fm (7 handlers)
2021-12-12 17:12:27.967	[34mINFO[0m	apiserver	server/genericapiserver.go:98	PUT    /v1/users/:name --> github.com/dairongpeng/leona/internal/apiserver/controller/v1/user.(*UserController).Update-fm (7 handlers)
2021-12-12 17:12:27.967	[34mINFO[0m	apiserver	server/genericapiserver.go:98	GET    /v1/users --> github.com/dairongpeng/leona/internal/apiserver/controller/v1/user.(*UserController).List-fm (7 handlers)
2021-12-12 17:12:27.967	[34mINFO[0m	apiserver	server/genericapiserver.go:98	GET    /v1/users/:name --> github.com/dairongpeng/leona/internal/apiserver/controller/v1/user.(*UserController).Get-fm (7 handlers)
2021-12-12 17:12:30.569	[34mINFO[0m	apiserver	server/genericapiserver.go:164	Start to listening the incoming requests on http address: 127.0.0.1:8080
2021-12-12 17:12:30.569	[34mINFO[0m	apiserver	apiserver/grpc.go:43	start grpc server at 0.0.0.0:8081
2021-12-12 17:12:30.570	[34mINFO[0m	apiserver	server/genericapiserver.go:256	Waiting for the router, retry in 1 second.
2021-12-12 17:12:31.578	[34mINFO[0m	apiserver	middleware/logger.go:144	[97;42m200[0m - [127.0.0.1] "51.353µs [97;44mGET[0m /healthz" 
2021-12-12 17:12:31.578	[34mINFO[0m	apiserver	server/genericapiserver.go:248	The router has been deployed successfully.
2021-12-12 17:13:52.467	[34mINFO[0m	apiserver	user/list.go:30	list user function called.
2021-12-12 17:13:52.505	[34mINFO[0m	apiserver	gorm@v1.22.4/callbacks.go:134	[mysql/user.go:109][37.091ms] [rows:0] SELECT * FROM `user` WHERE name like '%%' and status = 1 ORDER BY id desc LIMIT 1000
2021-12-12 17:13:52.511	[34mINFO[0m	apiserver	gorm@v1.22.4/callbacks.go:134	[mysql/user.go:112][5.709ms] [rows:1] SELECT count(*) FROM `user` WHERE name like '%%' and status = 1
2021-12-12 17:13:52.511	[35mDEBUG[0m	apiserver	v1/user.go:120	get 0 users from backend storage.
2021-12-12 17:13:52.511	[34mINFO[0m	apiserver	middleware/logger.go:144	[97;42m200[0m - [127.0.0.1] "44.234719ms [97;44mGET[0m /v1/users" 
